<?xml version="1.0" encoding="UTF-8"?>
<testng-results ignored="0" total="2" passed="2" failed="0" skipped="0">
  <reporter-output>
  </reporter-output>
  <suite started-at="2023-07-02T15:10:06 IST" name="Suite" finished-at="2023-07-02T15:10:43 IST" duration-ms="36548">
    <groups>
    </groups>
    <test started-at="2023-07-02T15:10:06 IST" name="Test" finished-at="2023-07-02T15:10:43 IST" duration-ms="36548">
      <class name="TESTCLASS.HomeTest">
        <test-method is-config="true" signature="setup()[pri:0, instance:TESTCLASS.HomeTest@1ec9bd38]" started-at="2023-07-02T15:10:06 IST" name="setup" finished-at="2023-07-02T15:10:17 IST" duration-ms="10809" status="PASS">
          <reporter-output>
          </reporter-output>
        </test-method> <!-- setup -->
        <test-method signature="testhomepage()[pri:0, instance:TESTCLASS.HomeTest@1ec9bd38]" started-at="2023-07-02T15:10:17 IST" name="testhomepage" finished-at="2023-07-02T15:10:27 IST" duration-ms="9904" status="PASS">
          <reporter-output>
          </reporter-output>
        </test-method> <!-- testhomepage -->
      </class> <!-- TESTCLASS.HomeTest -->
      <class name="TESTCLASS.LoginTest">
        <test-method is-config="true" signature="setup()[pri:0, instance:TESTCLASS.LoginTest@dc9876b]" started-at="2023-07-02T15:10:27 IST" name="setup" finished-at="2023-07-02T15:10:32 IST" duration-ms="5527" status="PASS">
          <reporter-output>
          </reporter-output>
        </test-method> <!-- setup -->
        <test-method signature="testlogin()[pri:0, instance:TESTCLASS.LoginTest@dc9876b]" started-at="2023-07-02T15:10:32 IST" name="testlogin" finished-at="2023-07-02T15:10:43 IST" duration-ms="10252" status="PASS">
          <reporter-output>
          </reporter-output>
        </test-method> <!-- testlogin -->
      </class> <!-- TESTCLASS.LoginTest -->
    </test> <!-- Test -->
  </suite> <!-- Suite -->
</testng-results>
